2012-04-30 18:11:32.050448+00:00 - CID collection process started for 2 pages
2012-04-30 18:11:34.660016+00:00 - CID #4371136304330624141 collected
2012-04-30 18:11:35.025172+00:00 - CID #2748933489021536393 collected
2012-04-30 18:11:35.259942+00:00 - CID #16088316992714711222 collected
2012-04-30 18:11:35.494350+00:00 - CID #7806676482774282098 collected
2012-04-30 18:11:35.749691+00:00 - CID #10428568372128491230 collected
2012-04-30 18:11:36.015057+00:00 - CID #4991374155103981900 collected
2012-04-30 18:11:36.282976+00:00 - CID #17939226851861879630 collected
2012-04-30 18:11:36.558150+00:00 - CID #11368862961308778488 collected
2012-04-30 18:11:36.827390+00:00 - CID #6330164771405546993 collected
2012-04-30 18:11:37.089204+00:00 - CID #15444862220182321550 collected
2012-04-30 18:11:39.183836+00:00 - CID #3412833110088175955 collected
2012-04-30 18:11:39.424848+00:00 - CID #3321724191257641173 collected
2012-04-30 18:11:39.649556+00:00 - CID #12256764578064550291 collected
2012-04-30 18:11:39.876001+00:00 - CID #16062413441531954747 collected
2012-04-30 18:11:40.107584+00:00 - CID #9550707490042838983 collected
2012-04-30 18:11:40.351073+00:00 - CID #12751722971618624921 collected
2012-04-30 18:11:40.582680+00:00 - CID #11389773028610741514 collected
2012-04-30 18:11:40.811269+00:00 - CID #987029848940011785 collected
2012-04-30 18:11:41.040433+00:00 - CID #1387863311119984914 collected
2012-04-30 18:11:41.361844+00:00 - CID #3768081524916524466 collected
2012-04-30 18:11:41.598482+00:00 - CID collection process finished
2012-04-30 18:11:41.598564+00:00 - 20 new CIDs was collected
2012-04-30 18:15:00.302533+00:00 - CID collection process started for 2 pages
2012-04-30 18:15:04.499956+00:00 - Request error
2012-04-30 18:15:04.500023+00:00 - CID collection process finished
2012-04-30 18:15:04.500049+00:00 - 0 new CIDs was collected
2012-04-30 18:19:00.581584+00:00 - CID collection process started for 2 pages
2012-04-30 18:19:06.442294+00:00 - Request error
2012-04-30 18:19:06.442371+00:00 - CID collection process finished
2012-04-30 18:19:06.442410+00:00 - 0 new CIDs was collected
2012-04-30 20:14:30.621816+00:00 - CID collection process started for 2 pages
2012-04-30 20:14:38.667326+00:00 - CID collection process finished
2012-04-30 20:14:38.667371+00:00 - 0 new CIDs was collected
